{"C:\\Users\\filip\\OneDrive\\Documentos\\sextooo\\gestão-configuraçãoII\\Api-movies\\database.js": {"path":"C:\\Users\\filip\\OneDrive\\Documentos\\sextooo\\gestão-configuraçãoII\\Api-movies\\database.js","statementMap":{"0":{"start":{"line":1,"column":16},"end":{"line":1,"column":44}},"1":{"start":{"line":2,"column":17},"end":{"line":2,"column":34}},"2":{"start":{"line":5,"column":2},"end":{"line":8,"column":5}},"3":{"start":{"line":12,"column":13},"end":{"line":12,"column":35}},"4":{"start":{"line":13,"column":2},"end":{"line":19,"column":5}},"5":{"start":{"line":20,"column":2},"end":{"line":20,"column":19}},"6":{"start":{"line":23,"column":0},"end":{"line":23,"column":35}},"7":{"start":{"line":26,"column":0},"end":{"line":28,"column":1}},"8":{"start":{"line":27,"column":2},"end":{"line":27,"column":31}}},"fnMap":{"0":{"name":"openDb","decl":{"start":{"line":4,"column":15},"end":{"line":4,"column":21}},"loc":{"start":{"line":4,"column":50},"end":{"line":9,"column":1}},"line":4},"1":{"name":"setup","decl":{"start":{"line":11,"column":15},"end":{"line":11,"column":20}},"loc":{"start":{"line":11,"column":49},"end":{"line":21,"column":1}},"line":11}},"branchMap":{"0":{"loc":{"start":{"line":4,"column":22},"end":{"line":4,"column":48}},"type":"default-arg","locations":[{"start":{"line":4,"column":33},"end":{"line":4,"column":48}}],"line":4},"1":{"loc":{"start":{"line":11,"column":21},"end":{"line":11,"column":47}},"type":"default-arg","locations":[{"start":{"line":11,"column":32},"end":{"line":11,"column":47}}],"line":11},"2":{"loc":{"start":{"line":26,"column":0},"end":{"line":28,"column":1}},"type":"if","locations":[{"start":{"line":26,"column":0},"end":{"line":28,"column":1}},{"start":{},"end":{}}],"line":26}},"s":{"0":1,"1":1,"2":4,"3":0,"4":0,"5":0,"6":1,"7":1,"8":0},"f":{"0":4,"1":0},"b":{"0":[4],"1":[0],"2":[0,1]},"_coverageSchema":"1a1c01bbd47fc00a2c39e90264f33305004495a9","hash":"a710db18c01fa38181ae39e303517228707d5627"}
,"C:\\Users\\filip\\OneDrive\\Documentos\\sextooo\\gestão-configuraçãoII\\Api-movies\\index.js": {"path":"C:\\Users\\filip\\OneDrive\\Documentos\\sextooo\\gestão-configuraçãoII\\Api-movies\\index.js","statementMap":{"0":{"start":{"line":1,"column":16},"end":{"line":1,"column":34}},"1":{"start":{"line":2,"column":19},"end":{"line":2,"column":40}},"2":{"start":{"line":4,"column":12},"end":{"line":4,"column":21}},"3":{"start":{"line":5,"column":13},"end":{"line":5,"column":37}},"4":{"start":{"line":7,"column":0},"end":{"line":7,"column":24}},"5":{"start":{"line":10,"column":2},"end":{"line":10,"column":18}},"6":{"start":{"line":13,"column":0},"end":{"line":22,"column":3}},"7":{"start":{"line":14,"column":2},"end":{"line":21,"column":3}},"8":{"start":{"line":15,"column":15},"end":{"line":15,"column":38}},"9":{"start":{"line":16,"column":19},"end":{"line":16,"column":55}},"10":{"start":{"line":17,"column":4},"end":{"line":17,"column":21}},"11":{"start":{"line":18,"column":4},"end":{"line":18,"column":33}},"12":{"start":{"line":20,"column":4},"end":{"line":20,"column":51}},"13":{"start":{"line":24,"column":0},"end":{"line":45,"column":3}},"14":{"start":{"line":25,"column":26},"end":{"line":25,"column":34}},"15":{"start":{"line":27,"column":2},"end":{"line":29,"column":3}},"16":{"start":{"line":28,"column":4},"end":{"line":28,"column":76}},"17":{"start":{"line":31,"column":2},"end":{"line":44,"column":3}},"18":{"start":{"line":32,"column":15},"end":{"line":32,"column":38}},"19":{"start":{"line":33,"column":19},"end":{"line":36,"column":5}},"20":{"start":{"line":38,"column":22},"end":{"line":38,"column":56}},"21":{"start":{"line":39,"column":4},"end":{"line":39,"column":21}},"22":{"start":{"line":41,"column":4},"end":{"line":41,"column":36}},"23":{"start":{"line":43,"column":4},"end":{"line":43,"column":51}},"24":{"start":{"line":47,"column":0},"end":{"line":67,"column":3}},"25":{"start":{"line":48,"column":17},"end":{"line":48,"column":27}},"26":{"start":{"line":50,"column":2},"end":{"line":66,"column":3}},"27":{"start":{"line":51,"column":15},"end":{"line":51,"column":38}},"28":{"start":{"line":53,"column":18},"end":{"line":53,"column":73}},"29":{"start":{"line":55,"column":4},"end":{"line":58,"column":5}},"30":{"start":{"line":56,"column":6},"end":{"line":56,"column":23}},"31":{"start":{"line":57,"column":6},"end":{"line":57,"column":69}},"32":{"start":{"line":60,"column":4},"end":{"line":60,"column":58}},"33":{"start":{"line":61,"column":4},"end":{"line":61,"column":21}},"34":{"start":{"line":63,"column":4},"end":{"line":63,"column":27}},"35":{"start":{"line":65,"column":4},"end":{"line":65,"column":51}},"36":{"start":{"line":69,"column":0},"end":{"line":69,"column":21}},"37":{"start":{"line":86,"column":18},"end":{"line":86,"column":39}}},"fnMap":{"0":{"name":"getDbConnection","decl":{"start":{"line":9,"column":15},"end":{"line":9,"column":30}},"loc":{"start":{"line":9,"column":33},"end":{"line":11,"column":1}},"line":9},"1":{"name":"(anonymous_1)","decl":{"start":{"line":13,"column":23},"end":{"line":13,"column":24}},"loc":{"start":{"line":13,"column":43},"end":{"line":22,"column":1}},"line":13},"2":{"name":"(anonymous_2)","decl":{"start":{"line":24,"column":24},"end":{"line":24,"column":25}},"loc":{"start":{"line":24,"column":44},"end":{"line":45,"column":1}},"line":24},"3":{"name":"(anonymous_3)","decl":{"start":{"line":47,"column":30},"end":{"line":47,"column":31}},"loc":{"start":{"line":47,"column":50},"end":{"line":67,"column":1}},"line":47}},"branchMap":{"0":{"loc":{"start":{"line":5,"column":13},"end":{"line":5,"column":37}},"type":"binary-expr","locations":[{"start":{"line":5,"column":13},"end":{"line":5,"column":29}},{"start":{"line":5,"column":33},"end":{"line":5,"column":37}}],"line":5},"1":{"loc":{"start":{"line":27,"column":2},"end":{"line":29,"column":3}},"type":"if","locations":[{"start":{"line":27,"column":2},"end":{"line":29,"column":3}},{"start":{},"end":{}}],"line":27},"2":{"loc":{"start":{"line":27,"column":6},"end":{"line":27,"column":21}},"type":"binary-expr","locations":[{"start":{"line":27,"column":6},"end":{"line":27,"column":13}},{"start":{"line":27,"column":17},"end":{"line":27,"column":21}}],"line":27},"3":{"loc":{"start":{"line":55,"column":4},"end":{"line":58,"column":5}},"type":"if","locations":[{"start":{"line":55,"column":4},"end":{"line":58,"column":5}},{"start":{},"end":{}}],"line":55}},"s":{"0":1,"1":1,"2":1,"3":1,"4":1,"5":4,"6":1,"7":1,"8":1,"9":1,"10":1,"11":1,"12":0,"13":1,"14":2,"15":2,"16":1,"17":1,"18":1,"19":1,"20":1,"21":1,"22":1,"23":0,"24":1,"25":2,"26":2,"27":2,"28":2,"29":2,"30":1,"31":1,"32":1,"33":1,"34":1,"35":0,"36":1,"37":1},"f":{"0":4,"1":1,"2":2,"3":2},"b":{"0":[1,1],"1":[1,1],"2":[2,2],"3":[1,1]},"_coverageSchema":"1a1c01bbd47fc00a2c39e90264f33305004495a9","hash":"fdec60ebb398a727c437e7ba51020266ab096caf"}
}
