{"C:\\Users\\filip\\OneDrive\\Documentos\\sextooo\\gestão-configuraçãoII\\aaaaaaaaaaa\\Api-movies\\database.js": {"path":"C:\\Users\\filip\\OneDrive\\Documentos\\sextooo\\gestão-configuraçãoII\\aaaaaaaaaaa\\Api-movies\\database.js","statementMap":{"0":{"start":{"line":1,"column":16},"end":{"line":1,"column":44}},"1":{"start":{"line":2,"column":17},"end":{"line":2,"column":34}},"2":{"start":{"line":5,"column":4},"end":{"line":8,"column":7}},"3":{"start":{"line":12,"column":15},"end":{"line":12,"column":29}},"4":{"start":{"line":13,"column":4},"end":{"line":19,"column":7}},"5":{"start":{"line":20,"column":4},"end":{"line":20,"column":21}},"6":{"start":{"line":23,"column":0},"end":{"line":23,"column":35}}},"fnMap":{"0":{"name":"openDb","decl":{"start":{"line":4,"column":15},"end":{"line":4,"column":21}},"loc":{"start":{"line":4,"column":24},"end":{"line":9,"column":1}},"line":4},"1":{"name":"setup","decl":{"start":{"line":11,"column":15},"end":{"line":11,"column":20}},"loc":{"start":{"line":11,"column":23},"end":{"line":21,"column":1}},"line":11}},"branchMap":{},"s":{"0":1,"1":1,"2":4,"3":0,"4":0,"5":0,"6":1},"f":{"0":4,"1":0},"b":{},"_coverageSchema":"1a1c01bbd47fc00a2c39e90264f33305004495a9","hash":"ab8ffc2d869ac60623d5a6097d112df95b5d67be"}
,"C:\\Users\\filip\\OneDrive\\Documentos\\sextooo\\gestão-configuraçãoII\\aaaaaaaaaaa\\Api-movies\\index.js": {"path":"C:\\Users\\filip\\OneDrive\\Documentos\\sextooo\\gestão-configuraçãoII\\aaaaaaaaaaa\\Api-movies\\index.js","statementMap":{"0":{"start":{"line":1,"column":16},"end":{"line":1,"column":34}},"1":{"start":{"line":2,"column":26},"end":{"line":2,"column":47}},"2":{"start":{"line":4,"column":12},"end":{"line":4,"column":21}},"3":{"start":{"line":5,"column":13},"end":{"line":5,"column":37}},"4":{"start":{"line":7,"column":0},"end":{"line":7,"column":24}},"5":{"start":{"line":10,"column":4},"end":{"line":10,"column":20}},"6":{"start":{"line":13,"column":0},"end":{"line":22,"column":3}},"7":{"start":{"line":14,"column":4},"end":{"line":21,"column":5}},"8":{"start":{"line":15,"column":19},"end":{"line":15,"column":42}},"9":{"start":{"line":16,"column":23},"end":{"line":16,"column":59}},"10":{"start":{"line":17,"column":8},"end":{"line":17,"column":25}},"11":{"start":{"line":18,"column":8},"end":{"line":18,"column":37}},"12":{"start":{"line":20,"column":8},"end":{"line":20,"column":55}},"13":{"start":{"line":24,"column":0},"end":{"line":45,"column":3}},"14":{"start":{"line":25,"column":28},"end":{"line":25,"column":36}},"15":{"start":{"line":27,"column":4},"end":{"line":29,"column":5}},"16":{"start":{"line":28,"column":8},"end":{"line":28,"column":80}},"17":{"start":{"line":31,"column":4},"end":{"line":44,"column":5}},"18":{"start":{"line":32,"column":19},"end":{"line":32,"column":42}},"19":{"start":{"line":33,"column":23},"end":{"line":36,"column":9}},"20":{"start":{"line":38,"column":26},"end":{"line":38,"column":60}},"21":{"start":{"line":39,"column":8},"end":{"line":39,"column":25}},"22":{"start":{"line":41,"column":8},"end":{"line":41,"column":40}},"23":{"start":{"line":43,"column":8},"end":{"line":43,"column":55}},"24":{"start":{"line":47,"column":0},"end":{"line":67,"column":3}},"25":{"start":{"line":48,"column":19},"end":{"line":48,"column":29}},"26":{"start":{"line":50,"column":4},"end":{"line":66,"column":5}},"27":{"start":{"line":51,"column":19},"end":{"line":51,"column":42}},"28":{"start":{"line":53,"column":22},"end":{"line":53,"column":77}},"29":{"start":{"line":55,"column":8},"end":{"line":58,"column":9}},"30":{"start":{"line":56,"column":12},"end":{"line":56,"column":29}},"31":{"start":{"line":57,"column":12},"end":{"line":57,"column":75}},"32":{"start":{"line":60,"column":8},"end":{"line":60,"column":62}},"33":{"start":{"line":61,"column":8},"end":{"line":61,"column":25}},"34":{"start":{"line":63,"column":8},"end":{"line":63,"column":31}},"35":{"start":{"line":65,"column":8},"end":{"line":65,"column":55}},"36":{"start":{"line":69,"column":0},"end":{"line":69,"column":21}}},"fnMap":{"0":{"name":"getDbConnection","decl":{"start":{"line":9,"column":15},"end":{"line":9,"column":30}},"loc":{"start":{"line":9,"column":33},"end":{"line":11,"column":1}},"line":9},"1":{"name":"(anonymous_1)","decl":{"start":{"line":13,"column":23},"end":{"line":13,"column":24}},"loc":{"start":{"line":13,"column":43},"end":{"line":22,"column":1}},"line":13},"2":{"name":"(anonymous_2)","decl":{"start":{"line":24,"column":24},"end":{"line":24,"column":25}},"loc":{"start":{"line":24,"column":44},"end":{"line":45,"column":1}},"line":24},"3":{"name":"(anonymous_3)","decl":{"start":{"line":47,"column":30},"end":{"line":47,"column":31}},"loc":{"start":{"line":47,"column":50},"end":{"line":67,"column":1}},"line":47}},"branchMap":{"0":{"loc":{"start":{"line":5,"column":13},"end":{"line":5,"column":37}},"type":"binary-expr","locations":[{"start":{"line":5,"column":13},"end":{"line":5,"column":29}},{"start":{"line":5,"column":33},"end":{"line":5,"column":37}}],"line":5},"1":{"loc":{"start":{"line":27,"column":4},"end":{"line":29,"column":5}},"type":"if","locations":[{"start":{"line":27,"column":4},"end":{"line":29,"column":5}},{"start":{},"end":{}}],"line":27},"2":{"loc":{"start":{"line":27,"column":8},"end":{"line":27,"column":23}},"type":"binary-expr","locations":[{"start":{"line":27,"column":8},"end":{"line":27,"column":15}},{"start":{"line":27,"column":19},"end":{"line":27,"column":23}}],"line":27},"3":{"loc":{"start":{"line":55,"column":8},"end":{"line":58,"column":9}},"type":"if","locations":[{"start":{"line":55,"column":8},"end":{"line":58,"column":9}},{"start":{},"end":{}}],"line":55}},"s":{"0":1,"1":1,"2":1,"3":1,"4":1,"5":4,"6":1,"7":1,"8":1,"9":1,"10":1,"11":1,"12":0,"13":1,"14":2,"15":2,"16":1,"17":1,"18":1,"19":1,"20":1,"21":1,"22":1,"23":0,"24":1,"25":2,"26":2,"27":2,"28":2,"29":2,"30":1,"31":1,"32":1,"33":1,"34":1,"35":0,"36":1},"f":{"0":4,"1":1,"2":2,"3":2},"b":{"0":[1,1],"1":[1,1],"2":[2,2],"3":[1,1]},"_coverageSchema":"1a1c01bbd47fc00a2c39e90264f33305004495a9","hash":"a959055d74c666cd34eb7284304f4f448e82bc50"}
}
