TN:
SF:database.js
FN:4,openDb
FN:11,setup
FNF:2
FNH:2
FNDA:5,openDb
FNDA:1,setup
DA:1,1
DA:2,1
DA:5,5
DA:12,1
DA:13,1
DA:20,1
DA:23,1
LF:7
LH:7
BRDA:4,0,0,4
BRDA:11,1,0,0
BRF:2
BRH:1
end_of_record
TN:
SF:index.js
FN:9,getDbConnection
FN:13,(anonymous_1)
FN:24,(anonymous_2)
FN:47,(anonymous_3)
FNF:4
FNH:4
FNDA:4,getDbConnection
FNDA:1,(anonymous_1)
FNDA:2,(anonymous_2)
FNDA:2,(anonymous_3)
DA:1,1
DA:2,1
DA:4,1
DA:5,1
DA:7,1
DA:10,4
DA:13,1
DA:14,1
DA:15,1
DA:16,1
DA:17,1
DA:18,1
DA:20,0
DA:24,1
DA:25,2
DA:27,2
DA:28,1
DA:31,1
DA:32,1
DA:33,1
DA:38,1
DA:39,1
DA:41,1
DA:43,0
DA:47,1
DA:48,2
DA:50,2
DA:51,2
DA:53,2
DA:55,2
DA:56,1
DA:57,1
DA:60,1
DA:61,1
DA:63,1
DA:65,0
DA:69,1
LF:37
LH:34
BRDA:5,0,0,1
BRDA:5,0,1,1
BRDA:27,1,0,1
BRDA:27,1,1,1
BRDA:27,2,0,2
BRDA:27,2,1,2
BRDA:55,3,0,1
BRDA:55,3,1,1
BRF:8
BRH:8
end_of_record
